0 info it worked if it ends with ok
1 verbose cli [ 'node',
1 verbose cli   '/usr/local/bin/npm',
1 verbose cli   'install',
1 verbose cli   '--save',
1 verbose cli   'ejx',
1 verbose cli   'express' ]
2 info using npm@1.4.28
3 info using node@v0.10.32
4 warn package.json Adrianne@1.0.0 No description
5 warn package.json Adrianne@1.0.0 No repository field.
6 warn package.json Adrianne@1.0.0 No README data
7 verbose readDependencies using package.json deps
8 verbose cache add [ 'ejx', null ]
9 verbose cache add name=undefined spec="ejx" args=["ejx",null]
10 verbose parsed url { protocol: null,
10 verbose parsed url   slashes: null,
10 verbose parsed url   auth: null,
10 verbose parsed url   host: null,
10 verbose parsed url   port: null,
10 verbose parsed url   hostname: null,
10 verbose parsed url   hash: null,
10 verbose parsed url   search: null,
10 verbose parsed url   query: null,
10 verbose parsed url   pathname: 'ejx',
10 verbose parsed url   path: 'ejx',
10 verbose parsed url   href: 'ejx' }
11 verbose cache add [ 'express', null ]
12 verbose cache add name=undefined spec="express" args=["express",null]
13 verbose parsed url { protocol: null,
13 verbose parsed url   slashes: null,
13 verbose parsed url   auth: null,
13 verbose parsed url   host: null,
13 verbose parsed url   port: null,
13 verbose parsed url   hostname: null,
13 verbose parsed url   hash: null,
13 verbose parsed url   search: null,
13 verbose parsed url   query: null,
13 verbose parsed url   pathname: 'express',
13 verbose parsed url   path: 'express',
13 verbose parsed url   href: 'express' }
14 silly lockFile a456066a-ejx ejx
15 verbose lock ejx /Users/calvinj/.npm/a456066a-ejx.lock
16 silly lockFile f3c62de4-express express
17 verbose lock express /Users/calvinj/.npm/f3c62de4-express.lock
18 silly lockFile a456066a-ejx ejx
19 silly lockFile a456066a-ejx ejx
20 silly lockFile f3c62de4-express express
21 silly lockFile f3c62de4-express express
22 verbose addNamed [ 'ejx', '' ]
23 verbose addNamed [ null, '*' ]
24 silly lockFile 3df472af-ejx ejx@
25 verbose lock ejx@ /Users/calvinj/.npm/3df472af-ejx.lock
26 verbose addNamed [ 'express', '' ]
27 verbose addNamed [ null, '*' ]
28 silly lockFile 64a534c1-express express@
29 verbose lock express@ /Users/calvinj/.npm/64a534c1-express.lock
30 silly addNameRange { name: 'ejx', range: '*', hasData: false }
31 verbose request where is /ejx
32 verbose request registry https://registry.npmjs.org/
33 verbose request id a3a19acfa36f066c
34 verbose url raw /ejx
35 verbose url resolving [ 'https://registry.npmjs.org/', './ejx' ]
36 verbose url resolved https://registry.npmjs.org/ejx
37 verbose request where is https://registry.npmjs.org/ejx
38 info trying registry request attempt 1 at 11:27:27
39 http GET https://registry.npmjs.org/ejx
40 silly addNameRange { name: 'express', range: '*', hasData: false }
41 verbose request where is /express
42 verbose request registry https://registry.npmjs.org/
43 verbose url raw /express
44 verbose url resolving [ 'https://registry.npmjs.org/', './express' ]
45 verbose url resolved https://registry.npmjs.org/express
46 verbose request where is https://registry.npmjs.org/express
47 info trying registry request attempt 1 at 11:27:27
48 verbose etag "125Q9WLX2QVPK4UAGCIOD9Z9Q"
49 http GET https://registry.npmjs.org/express
50 http 404 https://registry.npmjs.org/ejx
51 verbose headers { date: 'Tue, 13 Jan 2015 19:27:27 GMT',
51 verbose headers   server: 'CouchDB/1.5.0 (Erlang OTP/R16B03)',
51 verbose headers   'content-type': 'application/json',
51 verbose headers   'cache-control': 'max-age=0',
51 verbose headers   'content-length': '52',
51 verbose headers   'accept-ranges': 'bytes',
51 verbose headers   via: '1.1 varnish',
51 verbose headers   age: '0',
51 verbose headers   'x-served-by': 'cache-jfk1021-JFK',
51 verbose headers   'x-cache': 'MISS',
51 verbose headers   'x-cache-hits': '0',
51 verbose headers   'x-timer': 'S1421177247.896394,VS0,VE86',
51 verbose headers   'keep-alive': 'timeout=10, max=50',
51 verbose headers   connection: 'Keep-Alive' }
52 silly registry.get cb [ 404,
52 silly registry.get   { date: 'Tue, 13 Jan 2015 19:27:27 GMT',
52 silly registry.get     server: 'CouchDB/1.5.0 (Erlang OTP/R16B03)',
52 silly registry.get     'content-type': 'application/json',
52 silly registry.get     'cache-control': 'max-age=0',
52 silly registry.get     'content-length': '52',
52 silly registry.get     'accept-ranges': 'bytes',
52 silly registry.get     via: '1.1 varnish',
52 silly registry.get     age: '0',
52 silly registry.get     'x-served-by': 'cache-jfk1021-JFK',
52 silly registry.get     'x-cache': 'MISS',
52 silly registry.get     'x-cache-hits': '0',
52 silly registry.get     'x-timer': 'S1421177247.896394,VS0,VE86',
52 silly registry.get     'keep-alive': 'timeout=10, max=50',
52 silly registry.get     connection: 'Keep-Alive' } ]
53 silly lockFile 3df472af-ejx ejx@
54 silly lockFile 3df472af-ejx ejx@
55 http 200 https://registry.npmjs.org/express
56 silly registry.get cb [ 200,
56 silly registry.get   { date: 'Tue, 13 Jan 2015 19:27:27 GMT',
56 silly registry.get     server: 'CouchDB/1.5.0 (Erlang OTP/R16B03)',
56 silly registry.get     etag: '"BWLT5FPS8XYFANZI664ZMABRZ"',
56 silly registry.get     'content-type': 'application/json',
56 silly registry.get     'cache-control': 'max-age=60',
56 silly registry.get     'content-length': '454238',
56 silly registry.get     'accept-ranges': 'bytes',
56 silly registry.get     via: '1.1 varnish',
56 silly registry.get     age: '0',
56 silly registry.get     'x-served-by': 'cache-jfk1023-JFK',
56 silly registry.get     'x-cache': 'HIT',
56 silly registry.get     'x-cache-hits': '1',
56 silly registry.get     'x-timer': 'S1421177247.894279,VS0,VE89',
56 silly registry.get     vary: 'Accept',
56 silly registry.get     'keep-alive': 'timeout=10, max=50',
56 silly registry.get     connection: 'Keep-Alive' } ]
57 silly addNameRange number 2 { name: 'express', range: '*', hasData: true }
58 silly addNameRange versions [ 'express',
58 silly addNameRange   [ '0.14.0',
58 silly addNameRange     '0.14.1',
58 silly addNameRange     '1.0.0',
58 silly addNameRange     '1.0.1',
58 silly addNameRange     '1.0.2',
58 silly addNameRange     '1.0.3',
58 silly addNameRange     '1.0.4',
58 silly addNameRange     '1.0.5',
58 silly addNameRange     '1.0.6',
58 silly addNameRange     '1.0.7',
58 silly addNameRange     '1.0.8',
58 silly addNameRange     '2.0.0',
58 silly addNameRange     '2.1.0',
58 silly addNameRange     '2.1.1',
58 silly addNameRange     '2.2.0',
58 silly addNameRange     '2.2.1',
58 silly addNameRange     '2.2.2',
58 silly addNameRange     '2.3.0',
58 silly addNameRange     '2.3.1',
58 silly addNameRange     '2.3.2',
58 silly addNameRange     '2.3.3',
58 silly addNameRange     '2.3.4',
58 silly addNameRange     '2.3.5',
58 silly addNameRange     '2.3.6',
58 silly addNameRange     '2.3.7',
58 silly addNameRange     '2.3.8',
58 silly addNameRange     '2.3.9',
58 silly addNameRange     '2.3.10',
58 silly addNameRange     '2.3.11',
58 silly addNameRange     '2.3.12',
58 silly addNameRange     '2.4.0',
58 silly addNameRange     '2.4.1',
58 silly addNameRange     '2.4.2',
58 silly addNameRange     '2.4.3',
58 silly addNameRange     '2.4.4',
58 silly addNameRange     '2.4.5',
58 silly addNameRange     '2.4.6',
58 silly addNameRange     '2.4.7',
58 silly addNameRange     '2.5.0',
58 silly addNameRange     '2.5.1',
58 silly addNameRange     '2.5.2',
58 silly addNameRange     '2.5.3',
58 silly addNameRange     '2.5.4',
58 silly addNameRange     '2.5.5',
58 silly addNameRange     '2.5.6',
58 silly addNameRange     '2.5.7',
58 silly addNameRange     '2.5.8',
58 silly addNameRange     '2.5.9',
58 silly addNameRange     '2.5.10',
58 silly addNameRange     '2.5.11',
58 silly addNameRange     '3.0.0',
58 silly addNameRange     '3.0.1',
58 silly addNameRange     '3.0.2',
58 silly addNameRange     '3.0.3',
58 silly addNameRange     '3.0.4',
58 silly addNameRange     '3.0.5',
58 silly addNameRange     '3.0.6',
58 silly addNameRange     '3.1.0',
58 silly addNameRange     '3.1.1',
58 silly addNameRange     '3.1.2',
58 silly addNameRange     '3.2.0',
58 silly addNameRange     '3.2.1',
58 silly addNameRange     '3.2.2',
58 silly addNameRange     '3.2.3',
58 silly addNameRange     '3.2.4',
58 silly addNameRange     '3.2.5',
58 silly addNameRange     '3.2.6',
58 silly addNameRange     '3.3.0',
58 silly addNameRange     '3.3.1',
58 silly addNameRange     '3.3.2',
58 silly addNameRange     '3.3.3',
58 silly addNameRange     '3.3.4',
58 silly addNameRange     '3.3.5',
58 silly addNameRange     '3.3.6',
58 silly addNameRange     '1.0.0-beta',
58 silly addNameRange     '1.0.0-beta2',
58 silly addNameRange     '1.0.0-rc',
58 silly addNameRange     '1.0.0-rc2',
58 silly addNameRange     '1.0.0-rc3',
58 silly addNameRange     '1.0.0-rc4',
58 silly addNameRange     '2.0.0-beta',
58 silly addNameRange     '2.0.0-beta2',
58 silly addNameRange     '2.0.0-beta3',
58 silly addNameRange     '2.0.0-rc',
58 silly addNameRange     '2.0.0-rc2',
58 silly addNameRange     '2.0.0-rc3',
58 silly addNameRange     '3.0.0-alpha1',
58 silly addNameRange     '3.0.0-alpha2',
58 silly addNameRange     '3.0.0-alpha3',
58 silly addNameRange     '3.0.0-alpha4',
58 silly addNameRange     '3.0.0-alpha5',
58 silly addNameRange     '3.0.0-beta1',
58 silly addNameRange     '3.0.0-beta2',
58 silly addNameRange     '3.0.0-beta3',
58 silly addNameRange     '3.0.0-beta4',
58 silly addNameRange     '3.0.0-beta6',
58 silly addNameRange     '3.0.0-beta7',
58 silly addNameRange     '3.0.0-rc1',
58 silly addNameRange     '3.0.0-rc2',
58 silly addNameRange     '3.0.0-rc3',
58 silly addNameRange     '3.0.0-rc4',
58 silly addNameRange     '3.0.0-rc5',
58 silly addNameRange     '3.3.7',
58 silly addNameRange     '3.3.8',
58 silly addNameRange     '3.4.0',
58 silly addNameRange     '3.4.1',
58 silly addNameRange     '3.4.2',
58 silly addNameRange     '3.4.3',
58 silly addNameRange     '3.4.4',
58 silly addNameRange     '3.4.5',
58 silly addNameRange     '3.4.6',
58 silly addNameRange     '3.4.7',
58 silly addNameRange     '3.4.8',
58 silly addNameRange     '4.0.0-rc1',
58 silly addNameRange     '4.0.0-rc2',
58 silly addNameRange     '3.5.0',
58 silly addNameRange     '4.0.0-rc3',
58 silly addNameRange     '4.0.0-rc4',
58 silly addNameRange     '3.5.1',
58 silly addNameRange     '4.0.0',
58 silly addNameRange     '3.5.2',
58 silly addNameRange     '4.1.0',
58 silly addNameRange     '4.1.1',
58 silly addNameRange     '3.5.3',
58 silly addNameRange     '4.1.2',
58 silly addNameRange     '3.6.0',
58 silly addNameRange     '4.2.0',
58 silly addNameRange     '3.7.0',
58 silly addNameRange     '3.8.0',
58 silly addNameRange     '4.3.0',
58 silly addNameRange     '4.3.1',
58 silly addNameRange     '3.8.1',
58 silly addNameRange     '4.3.2',
58 silly addNameRange     '3.9.0',
58 silly addNameRange     '4.4.0',
58 silly addNameRange     '4.4.1',
58 silly addNameRange     '3.10.0',
58 silly addNameRange     '3.10.1',
58 silly addNameRange     '3.10.2',
58 silly addNameRange     '3.10.3',
58 silly addNameRange     '3.10.4',
58 silly addNameRange     '4.4.2',
58 silly addNameRange     '3.10.5',
58 silly addNameRange     '4.4.3',
58 silly addNameRange     '3.11.0',
58 silly addNameRange     '4.4.4',
58 silly addNameRange     '3.12.0',
58 silly addNameRange     '3.12.1',
58 silly addNameRange     '4.4.5',
58 silly addNameRange     '3.13.0',
58 silly addNameRange     '4.5.0',
58 silly addNameRange     '4.5.1',
58 silly addNameRange     '3.14.0',
58 silly addNameRange     '4.6.0',
58 silly addNameRange     '4.6.1',
58 silly addNameRange     '3.15.0',
58 silly addNameRange     '4.7.0',
58 silly addNameRange     '3.15.1',
58 silly addNameRange     '4.7.1',
58 silly addNameRange     '3.15.2',
58 silly addNameRange     '4.7.2',
58 silly addNameRange     '4.7.3',
58 silly addNameRange     '3.15.3',
58 silly addNameRange     '4.7.4',
58 silly addNameRange     '3.16.0',
58 silly addNameRange     '4.8.0',
58 silly addNameRange     '3.16.1',
58 silly addNameRange     '4.8.1',
58 silly addNameRange     '3.16.2',
58 silly addNameRange     '4.8.2',
58 silly addNameRange     '3.16.3',
58 silly addNameRange     '3.16.4',
58 silly addNameRange     '4.8.3',
58 silly addNameRange     '3.16.5',
58 silly addNameRange     '3.16.6',
58 silly addNameRange     '4.8.4',
58 silly addNameRange     '3.16.7',
58 silly addNameRange     '4.8.5',
58 silly addNameRange     '3.16.8',
58 silly addNameRange     '4.8.6',
58 silly addNameRange     '3.16.9',
58 silly addNameRange     '4.8.7',
58 silly addNameRange     '3.16.10',
58 silly addNameRange     '4.8.8',
58 silly addNameRange     '3.17.0',
58 silly addNameRange     '3.17.1',
58 silly addNameRange     '4.9.0',
58 silly addNameRange     '3.17.2',
58 silly addNameRange     '4.9.1',
58 silly addNameRange     '4.9.2',
58 silly addNameRange     '3.17.3',
58 silly addNameRange     '4.9.3',
58 silly addNameRange     '3.17.4',
58 silly addNameRange     '4.9.4',
58 silly addNameRange     '3.17.5',
58 silly addNameRange     '4.9.5',
58 silly addNameRange     '3.17.6',
58 silly addNameRange     '3.17.7',
58 silly addNameRange     '4.9.6',
58 silly addNameRange     '4.9.7',
58 silly addNameRange     '3.17.8',
58 silly addNameRange     '4.9.8',
58 silly addNameRange     '3.18.0',
58 silly addNameRange     '3.18.1',
58 silly addNameRange     '4.10.0',
58 silly addNameRange     '3.18.2',
58 silly addNameRange     '4.10.1',
58 silly addNameRange     '5.0.0-alpha.1',
58 silly addNameRange     '3.18.3',
58 silly addNameRange     '4.10.2',
58 silly addNameRange     '3.18.4',
58 silly addNameRange     '4.10.3',
58 silly addNameRange     '4.10.4',
58 silly addNameRange     '4.10.5',
58 silly addNameRange     '3.18.5',
58 silly addNameRange     '3.18.6',
58 silly addNameRange     '4.10.6',
58 silly addNameRange     '4.10.7',
58 silly addNameRange     '3.19.0',
58 silly addNameRange     '4.10.8' ] ]
59 verbose addNamed [ 'express', '4.10.8' ]
60 verbose addNamed [ '4.10.8', '4.10.8' ]
61 silly lockFile 44558bf5-express-4-10-8 express@4.10.8
62 verbose lock express@4.10.8 /Users/calvinj/.npm/44558bf5-express-4-10-8.lock
63 silly lockFile 95f2bc2f-s-org-express-express-4-10-8-tgz https://registry.npmjs.org/express/-/express-4.10.8.tgz
64 verbose lock https://registry.npmjs.org/express/-/express-4.10.8.tgz /Users/calvinj/.npm/95f2bc2f-s-org-express-express-4-10-8-tgz.lock
65 verbose addRemoteTarball [ 'https://registry.npmjs.org/express/-/express-4.10.8.tgz',
65 verbose addRemoteTarball   '2d83571e065c0efb2679c0a5f9ae66aeaa47024a' ]
66 info retry fetch attempt 1 at 11:27:28
67 verbose fetch to= /var/folders/rr/wd_stf214_n36ypwx5vdhqvc0000gn/T/npm-84563-eM2mDqC0/registry.npmjs.org/express/-/express-4.10.8.tgz
68 http GET https://registry.npmjs.org/express/-/express-4.10.8.tgz
69 http 200 https://registry.npmjs.org/express/-/express-4.10.8.tgz
70 silly lockFile 95f2bc2f-s-org-express-express-4-10-8-tgz https://registry.npmjs.org/express/-/express-4.10.8.tgz
71 silly lockFile 95f2bc2f-s-org-express-express-4-10-8-tgz https://registry.npmjs.org/express/-/express-4.10.8.tgz
72 silly lockFile 44558bf5-express-4-10-8 express@4.10.8
73 silly lockFile 44558bf5-express-4-10-8 express@4.10.8
74 silly lockFile 64a534c1-express express@
75 silly lockFile 64a534c1-express express@
76 error 404 404 Not Found: ejx
76 error 404
76 error 404 'ejx' is not in the npm registry.
76 error 404 You should bug the author to publish it
76 error 404 It was specified as a dependency of 'Adrianne'
76 error 404
76 error 404 Note that you can also install from a
76 error 404 tarball, folder, or http url, or git url.
77 error System Darwin 13.4.0
78 error command "node" "/usr/local/bin/npm" "install" "--save" "ejx" "express"
79 error cwd /Users/calvinj/Code_Post_GA/Adrianne
80 error node -v v0.10.32
81 error npm -v 1.4.28
82 error code E404
83 verbose exit [ 1, true ]
